<?xml version="1.0" encoding="UTF-8"?>
<testng-results skipped="0" failed="0" total="1" passed="1">
  <reporter-output>
  </reporter-output>
  <suite name="Default suite" duration-ms="80499" started-at="2017-04-25T23:24:54Z" finished-at="2017-04-25T23:26:14Z">
    <groups>
    </groups>
    <test name="Default test" duration-ms="80499" started-at="2017-04-25T23:24:54Z" finished-at="2017-04-25T23:26:14Z">
      <class name="gymboree_pages.Guestuser_Checkout">
        <test-method status="PASS" signature="guestuser_checkout()[pri:0, instance:gymboree_pages.Guestuser_Checkout@18a00e3]" name="guestuser_checkout" duration-ms="80482" started-at="2017-04-25T16:24:54Z" finished-at="2017-04-25T16:26:14Z">
          <reporter-output>
          </reporter-output>
        </test-method> <!-- guestuser_checkout -->
      </class> <!-- gymboree_pages.Guestuser_Checkout -->
    </test> <!-- Default test -->
  </suite> <!-- Default suite -->
</testng-results>
